<?xml version="1.0" encoding="UTF-8"?>
<!-- Generated by org.testng.reporters.JUnitReportReporter -->
<testsuite skipped="0" hostname="utsc1153" name="login.Login" tests="2" failures="0" timestamp="17 十二月 2019 08:41:45 GMT" time="10.691" errors="0">
  <testcase name="testCase1" time="10.690" classname="login.Login"/>
  <testcase name="test2" time="0.001" classname="login.Login"/>
</testsuite> <!-- login.Login -->
