<?xml version="1.0" encoding="UTF-8"?>
<!-- Generated by org.testng.reporters.JUnitReportReporter -->
<testsuite skipped="0" hostname="utsc1153" name="login.Login" tests="2" failures="0" timestamp="12 十二月 2019 05:34:13 GMT" time="9.810" errors="0">
  <testcase name="test2" time="0.001" classname="login.Login"/>
  <testcase name="testCase1" time="9.809" classname="login.Login"/>
</testsuite> <!-- login.Login -->
